<?xml version="1.0" encoding="UTF-8"?>
<!-- Generated by org.testng.reporters.JUnitReportReporter -->
<testsuite hostname="DESKTOP-PD7HB4D" failures="0" tests="2" name="Testcases.Dashboard_Test" time="54.228" errors="0" timestamp="2025-07-26T14:35:27 IST" skipped="0">
  <testcase classname="Testcases.Dashboard_Test" name="verifyAmazoneLogoAndURL" time="1.526"/>
  <testcase classname="Testcases.Dashboard_Test" name="ApplyFilter" time="52.702"/>
</testsuite> <!-- Testcases.Dashboard_Test -->
